{
  "RSpec": {
    "coverage": {
      "/Users/willmcbrien/Development/makers/on_site_course/group-projects/Air-BnB-Clone/spec/database_connection_spec.rb": [
        1,
        null,
        1,
        1,
        1,
        1,
        null,
        1,
        null,
        null,
        1,
        1,
        1,
        null,
        1,
        null,
        null,
        1,
        1,
        1,
        null,
        1,
        null,
        1,
        null,
        null,
        null
      ],
      "/Users/willmcbrien/Development/makers/on_site_course/group-projects/Air-BnB-Clone/spec/features/index_spec.rb": [
        1,
        null,
        1,
        1,
        1,
        null,
        1,
        null,
        null
      ],
      "/Users/willmcbrien/Development/makers/on_site_course/group-projects/Air-BnB-Clone/spec/models/user_spec.rb": [
        1,
        null,
        1,
        2,
        3,
        3,
        null,
        1,
        1,
        null,
        null,
        1,
        1,
        1,
        1,
        1,
        1,
        null,
        null,
        null,
        1,
        1,
        1,
        1,
        1,
        1,
        1,
        null,
        null,
        null
      ],
      "/Users/willmcbrien/Development/makers/on_site_course/group-projects/Air-BnB-Clone/lib/models/user.rb": [
        1,
        1,
        null,
        1,
        null,
        1,
        1,
        null,
        null,
        null,
        1,
        null,
        null,
        null,
        1,
        null,
        1,
        3,
        3,
        3,
        3,
        null,
        null
      ]
    },
    "timestamp": 1543926105
  }
}
