{
  "RSpec": {
    "coverage": {
      "/Users/karenroberts/projects/Air-BnB-Clone/spec/database_connection_spec.rb": [
        1,
        null,
        1,
        1,
        1,
        1,
        null,
        1,
        null,
        null,
        1,
        1,
        1,
        null,
        1,
        null,
        null,
        1,
        1,
        1,
        null,
        1,
        null,
        1,
        null,
        null,
        null
      ],
      "/Users/karenroberts/projects/Air-BnB-Clone/spec/features/index_spec.rb": [
        1,
        null,
        1,
        1,
        1,
        null,
        1,
        null,
        null
      ],
      "/Users/karenroberts/projects/Air-BnB-Clone/spec/models/user_spec.rb": [
        1,
        null,
        1,
        2,
        null,
        1,
        1,
        null,
        null
      ],
      "/Users/karenroberts/projects/Air-BnB-Clone/lib/models/user.rb": [
        1,
        null
      ]
    },
    "timestamp": 1543922144
  }
}
